# JRE version: OpenJDK Runtime Environment Temurin-21.0.7+6 (21.0.7+6) (build 21.0.7+6-LTS)
# Java VM: OpenJDK 64-Bit Server VM Temurin-21.0.7+6 (21.0.7+6-LTS, mixed mode, emulated-client, sharing, tiered, compressed oops, compressed class ptrs, g1 gc, windows-amd64)
GC Precious Log:
 CardTable entry size: 512
 Card Set container configuration: InlinePtr #cards 5 size 8 Array Of Cards #cards 12 size 40 Howl #buckets 4 coarsen threshold 1843 Howl Bitmap #cards 512 size 80 coarsen threshold 460 Card regions per heap region 1 cards per card region 2048
 CPUs: 8 total, 8 available
 Memory: 6082M
 Large Page Support: Disabled
 NUMA Support: Disabled
 Compressed Oops: Enabled (32-bit)
 Heap Region Size: 1M
 Heap Min Capacity: 8M
 Heap Initial Capacity: 96M
 Heap Max Capacity: 1522M
 Pre-touch: Disabled
 Parallel Workers: 8
 Concurrent Workers: 2
 Concurrent Refinement Workers: 8
 Periodic GC: Disabled
Heap:
 garbage-first heap   total 71680K, used 26874K [0x00000000a0e00000, 0x0000000100000000)
  region size 1024K, 6 young (6144K), 3 survivors (3072K)
 Metaspace       used 55020K, committed 55552K, reserved 1114112K
  class space    used 7595K, committed 7808K, reserved 1048576K
GC Heap History (20 events):
Event: 3.064 GC heap before
{Heap before GC invocations=12 (full 0):
 garbage-first heap   total 49152K, used 16114K [0x00000000a0e00000, 0x0000000100000000)
  region size 1024K, 4 young (4096K), 3 survivors (3072K)
 Metaspace       used 28242K, committed 28608K, reserved 1114112K
  class space    used 3722K, committed 3904K, reserved 1048576K
}
Event: 3.067 GC heap after
{Heap after GC invocations=13 (full 0):
 garbage-first heap   total 49152K, used 16403K [0x00000000a0e00000, 0x0000000100000000)
  region size 1024K, 3 young (3072K), 3 survivors (3072K)
 Metaspace       used 28242K, committed 28608K, reserved 1114112K
  class space    used 3722K, committed 3904K, reserved 1048576K
}
Event: 3.410 GC heap before
{Heap before GC invocations=14 (full 0):
 garbage-first heap   total 49152K, used 40979K [0x00000000a0e00000, 0x0000000100000000)
  region size 1024K, 28 young (28672K), 3 survivors (3072K)
 Metaspace       used 30447K, committed 30848K, reserved 1114112K
  class space    used 4106K, committed 4288K, reserved 1048576K
}
Event: 3.414 GC heap after
{Heap after GC invocations=15 (full 0):
 garbage-first heap   total 59392K, used 18189K [0x00000000a0e00000, 0x0000000100000000)
  region size 1024K, 4 young (4096K), 4 survivors (4096K)
 Metaspace       used 30447K, committed 30848K, reserved 1114112K
  class space    used 4106K, committed 4288K, reserved 1048576K
}
Event: 3.737 GC heap before
{Heap before GC invocations=15 (full 0):
 garbage-first heap   total 59392K, used 47885K [0x00000000a0e00000, 0x0000000100000000)
  region size 1024K, 34 young (34816K), 4 survivors (4096K)
 Metaspace       used 32857K, committed 33344K, reserved 1114112K
  class space    used 4366K, committed 4608K, reserved 1048576K
}
Event: 3.742 GC heap after
{Heap after GC invocations=16 (full 0):
 garbage-first heap   total 59392K, used 19510K [0x00000000a0e00000, 0x0000000100000000)
  region size 1024K, 4 young (4096K), 4 survivors (4096K)
 Metaspace       used 32857K, committed 33344K, reserved 1114112K
  class space    used 4366K, committed 4608K, reserved 1048576K
}
Event: 4.009 GC heap before
{Heap before GC invocations=16 (full 0):
 garbage-first heap   total 59392K, used 49206K [0x00000000a0e00000, 0x0000000100000000)
  region size 1024K, 34 young (34816K), 4 survivors (4096K)
 Metaspace       used 35606K, committed 36096K, reserved 1114112K
  class space    used 4720K, committed 4928K, reserved 1048576K
}
Event: 4.012 GC heap after
{Heap after GC invocations=17 (full 0):
 garbage-first heap   total 59392K, used 20212K [0x00000000a0e00000, 0x0000000100000000)
  region size 1024K, 3 young (3072K), 3 survivors (3072K)
 Metaspace       used 35606K, committed 36096K, reserved 1114112K
  class space    used 4720K, committed 4928K, reserved 1048576K
}
Event: 4.321 GC heap before
{Heap before GC invocations=17 (full 0):
 garbage-first heap   total 59392K, used 50932K [0x00000000a0e00000, 0x0000000100000000)
  region size 1024K, 33 young (33792K), 3 survivors (3072K)
 Metaspace       used 38725K, committed 39168K, reserved 1114112K
  class space    used 5304K, committed 5504K, reserved 1048576K
}
Event: 4.324 GC heap after
{Heap after GC invocations=18 (full 0):
 garbage-first heap   total 59392K, used 20731K [0x00000000a0e00000, 0x0000000100000000)
  region size 1024K, 4 young (4096K), 4 survivors (4096K)
 Metaspace       used 38725K, committed 39168K, reserved 1114112K
  class space    used 5304K, committed 5504K, reserved 1048576K
}
Event: 4.647 GC heap before
{Heap before GC invocations=18 (full 0):
 garbage-first heap   total 59392K, used 49403K [0x00000000a0e00000, 0x0000000100000000)
  region size 1024K, 32 young (32768K), 4 survivors (4096K)
 Metaspace       used 43857K, committed 44288K, reserved 1114112K
  class space    used 5877K, committed 6080K, reserved 1048576K
}
Event: 4.650 GC heap after
{Heap after GC invocations=19 (full 0):
 garbage-first heap   total 59392K, used 22299K [0x00000000a0e00000, 0x0000000100000000)
  region size 1024K, 3 young (3072K), 3 survivors (3072K)
 Metaspace       used 43857K, committed 44288K, reserved 1114112K
  class space    used 5877K, committed 6080K, reserved 1048576K
}
Event: 4.929 GC heap before
{Heap before GC invocations=19 (full 0):
 garbage-first heap   total 59392K, used 51995K [0x00000000a0e00000, 0x0000000100000000)
  region size 1024K, 32 young (32768K), 3 survivors (3072K)
 Metaspace       used 47149K, committed 47616K, reserved 1114112K
  class space    used 6387K, committed 6592K, reserved 1048576K
}
Event: 4.933 GC heap after
{Heap after GC invocations=20 (full 0):
 garbage-first heap   total 71680K, used 23508K [0x00000000a0e00000, 0x0000000100000000)
  region size 1024K, 3 young (3072K), 3 survivors (3072K)
 Metaspace       used 47149K, committed 47616K, reserved 1114112K
  class space    used 6387K, committed 6592K, reserved 1048576K
}
Event: 4.984 GC heap before
{Heap before GC invocations=20 (full 0):
 garbage-first heap   total 71680K, used 27604K [0x00000000a0e00000, 0x0000000100000000)
  region size 1024K, 8 young (8192K), 3 survivors (3072K)
 Metaspace       used 47572K, committed 48000K, reserved 1114112K
  class space    used 6453K, committed 6656K, reserved 1048576K
}
Event: 4.987 GC heap after
{Heap after GC invocations=21 (full 0):
 garbage-first heap   total 71680K, used 23638K [0x00000000a0e00000, 0x0000000100000000)
  region size 1024K, 3 young (3072K), 3 survivors (3072K)
 Metaspace       used 47572K, committed 48000K, reserved 1114112K
  class space    used 6453K, committed 6656K, reserved 1048576K
}
Event: 5.353 GC heap before
{Heap before GC invocations=22 (full 0):
 garbage-first heap   total 71680K, used 62550K [0x00000000a0e00000, 0x0000000100000000)
  region size 1024K, 42 young (43008K), 3 survivors (3072K)
 Metaspace       used 51427K, committed 51840K, reserved 1114112K
  class space    used 7042K, committed 7232K, reserved 1048576K
}
Event: 5.357 GC heap after
{Heap after GC invocations=23 (full 0):
 garbage-first heap   total 71680K, used 24399K [0x00000000a0e00000, 0x0000000100000000)
  region size 1024K, 4 young (4096K), 4 survivors (4096K)
 Metaspace       used 51427K, committed 51840K, reserved 1114112K
  class space    used 7042K, committed 7232K, reserved 1048576K
}
Event: 5.784 GC heap before
{Heap before GC invocations=23 (full 0):
 garbage-first heap   total 71680K, used 62287K [0x00000000a0e00000, 0x0000000100000000)
  region size 1024K, 41 young (41984K), 4 survivors (4096K)
 Metaspace       used 54912K, committed 55424K, reserved 1114112K
  class space    used 7575K, committed 7808K, reserved 1048576K
}
Event: 5.789 GC heap after
{Heap after GC invocations=24 (full 0):
 garbage-first heap   total 71680K, used 24826K [0x00000000a0e00000, 0x0000000100000000)
  region size 1024K, 3 young (3072K), 3 survivors (3072K)
 Metaspace       used 54912K, committed 55424K, reserved 1114112K
  class space    used 7575K, committed 7808K, reserved 1048576K
}

